Build started 8/14/2017 2:26:06 PM.
     1>Project "E:\New folder\Document\2nd Semester\SD Lab  ( CSE 1200 )\Project\Group 2 Project\Final project with loop\iGraphic1.2VS10\iGraphic1.2VS10\iGraphic1.2VS10\iGraphic1.2VS10.vcxproj" on node 2 (build target(s)).
     1>InitializeBuildStatus:
         Creating "Debug\iGraphic1.2VS10.unsuccessfulbuild" because "AlwaysCreate" was specified.
       ClCompile:
         C:\Program Files (x86)\Microsoft Visual Studio 10.0\VC\bin\CL.exe /c /ZI /nologo /W3 /WX- /Od /Oy- /D WIN32 /D _DEBUG /D _CONSOLE /D _UNICODE /D UNICODE /Gm /EHsc /RTC1 /MDd /GS /fp:precise /Zc:wchar_t /Zc:forScope /Fo"Debug\\" /Fd"Debug\vc100.pdb" /Gd /TP /analyze- /errorReport:prompt ..\iMain.cpp
         iMain.cpp
     1>e:\new folder\document\2nd semester\sd lab  ( cse 1200 )\project\group 2 project\final project with loop\igraphic1.2vs10\igraphic1.2vs10\imain.cpp(164): warning C4996: 'fopen': This function or variable may be unsafe. Consider using fopen_s instead. To disable deprecation, use _CRT_SECURE_NO_WARNINGS. See online help for details.
                 c:\program files (x86)\microsoft visual studio 10.0\vc\include\stdio.h(234) : see declaration of 'fopen'
     1>e:\new folder\document\2nd semester\sd lab  ( cse 1200 )\project\group 2 project\final project with loop\igraphic1.2vs10\igraphic1.2vs10\imain.cpp(175): warning C4996: 'fopen': This function or variable may be unsafe. Consider using fopen_s instead. To disable deprecation, use _CRT_SECURE_NO_WARNINGS. See online help for details.
                 c:\program files (x86)\microsoft visual studio 10.0\vc\include\stdio.h(234) : see declaration of 'fopen'
     1>e:\new folder\document\2nd semester\sd lab  ( cse 1200 )\project\group 2 project\final project with loop\igraphic1.2vs10\igraphic1.2vs10\imain.cpp(382): warning C4996: 'sprintf': This function or variable may be unsafe. Consider using sprintf_s instead. To disable deprecation, use _CRT_SECURE_NO_WARNINGS. See online help for details.
                 c:\program files (x86)\microsoft visual studio 10.0\vc\include\stdio.h(371) : see declaration of 'sprintf'
     1>e:\new folder\document\2nd semester\sd lab  ( cse 1200 )\project\group 2 project\final project with loop\igraphic1.2vs10\igraphic1.2vs10\imain.cpp(391): warning C4996: 'sprintf': This function or variable may be unsafe. Consider using sprintf_s instead. To disable deprecation, use _CRT_SECURE_NO_WARNINGS. See online help for details.
                 c:\program files (x86)\microsoft visual studio 10.0\vc\include\stdio.h(371) : see declaration of 'sprintf'
     1>e:\new folder\document\2nd semester\sd lab  ( cse 1200 )\project\group 2 project\final project with loop\igraphic1.2vs10\igraphic1.2vs10\imain.cpp(409): warning C4996: 'sprintf': This function or variable may be unsafe. Consider using sprintf_s instead. To disable deprecation, use _CRT_SECURE_NO_WARNINGS. See online help for details.
                 c:\program files (x86)\microsoft visual studio 10.0\vc\include\stdio.h(371) : see declaration of 'sprintf'
     1>e:\new folder\document\2nd semester\sd lab  ( cse 1200 )\project\group 2 project\final project with loop\igraphic1.2vs10\igraphic1.2vs10\imain.cpp(418): warning C4996: 'sprintf': This function or variable may be unsafe. Consider using sprintf_s instead. To disable deprecation, use _CRT_SECURE_NO_WARNINGS. See online help for details.
                 c:\program files (x86)\microsoft visual studio 10.0\vc\include\stdio.h(371) : see declaration of 'sprintf'
     1>e:\new folder\document\2nd semester\sd lab  ( cse 1200 )\project\group 2 project\final project with loop\igraphic1.2vs10\igraphic1.2vs10\imain.cpp(452): warning C4996: 'fopen': This function or variable may be unsafe. Consider using fopen_s instead. To disable deprecation, use _CRT_SECURE_NO_WARNINGS. See online help for details.
                 c:\program files (x86)\microsoft visual studio 10.0\vc\include\stdio.h(234) : see declaration of 'fopen'
     1>e:\new folder\document\2nd semester\sd lab  ( cse 1200 )\project\group 2 project\final project with loop\igraphic1.2vs10\igraphic1.2vs10\imain.cpp(453): warning C4996: 'fscanf': This function or variable may be unsafe. Consider using fscanf_s instead. To disable deprecation, use _CRT_SECURE_NO_WARNINGS. See online help for details.
                 c:\program files (x86)\microsoft visual studio 10.0\vc\include\stdio.h(253) : see declaration of 'fscanf'
     1>e:\new folder\document\2nd semester\sd lab  ( cse 1200 )\project\group 2 project\final project with loop\igraphic1.2vs10\igraphic1.2vs10\imain.cpp(469): warning C4996: 'fopen': This function or variable may be unsafe. Consider using fopen_s instead. To disable deprecation, use _CRT_SECURE_NO_WARNINGS. See online help for details.
                 c:\program files (x86)\microsoft visual studio 10.0\vc\include\stdio.h(234) : see declaration of 'fopen'
     1>e:\new folder\document\2nd semester\sd lab  ( cse 1200 )\project\group 2 project\final project with loop\igraphic1.2vs10\igraphic1.2vs10\imain.cpp(470): warning C4996: 'fscanf': This function or variable may be unsafe. Consider using fscanf_s instead. To disable deprecation, use _CRT_SECURE_NO_WARNINGS. See online help for details.
                 c:\program files (x86)\microsoft visual studio 10.0\vc\include\stdio.h(253) : see declaration of 'fscanf'
     1>e:\new folder\document\2nd semester\sd lab  ( cse 1200 )\project\group 2 project\final project with loop\igraphic1.2vs10\igraphic1.2vs10\imain.cpp(511): warning C4996: 'sprintf': This function or variable may be unsafe. Consider using sprintf_s instead. To disable deprecation, use _CRT_SECURE_NO_WARNINGS. See online help for details.
                 c:\program files (x86)\microsoft visual studio 10.0\vc\include\stdio.h(371) : see declaration of 'sprintf'
     1>e:\new folder\document\2nd semester\sd lab  ( cse 1200 )\project\group 2 project\final project with loop\igraphic1.2vs10\igraphic1.2vs10\imain.cpp(529): warning C4996: 'fopen': This function or variable may be unsafe. Consider using fopen_s instead. To disable deprecation, use _CRT_SECURE_NO_WARNINGS. See online help for details.
                 c:\program files (x86)\microsoft visual studio 10.0\vc\include\stdio.h(234) : see declaration of 'fopen'
     1>e:\new folder\document\2nd semester\sd lab  ( cse 1200 )\project\group 2 project\final project with loop\igraphic1.2vs10\igraphic1.2vs10\imain.cpp(540): warning C4996: 'fscanf': This function or variable may be unsafe. Consider using fscanf_s instead. To disable deprecation, use _CRT_SECURE_NO_WARNINGS. See online help for details.
                 c:\program files (x86)\microsoft visual studio 10.0\vc\include\stdio.h(253) : see declaration of 'fscanf'
     1>e:\new folder\document\2nd semester\sd lab  ( cse 1200 )\project\group 2 project\final project with loop\igraphic1.2vs10\igraphic1.2vs10\imain.cpp(541): warning C4996: 'strcpy': This function or variable may be unsafe. Consider using strcpy_s instead. To disable deprecation, use _CRT_SECURE_NO_WARNINGS. See online help for details.
                 c:\program files (x86)\microsoft visual studio 10.0\vc\include\string.h(105) : see declaration of 'strcpy'
     1>e:\new folder\document\2nd semester\sd lab  ( cse 1200 )\project\group 2 project\final project with loop\igraphic1.2vs10\igraphic1.2vs10\imain.cpp(560): warning C4996: 'fopen': This function or variable may be unsafe. Consider using fopen_s instead. To disable deprecation, use _CRT_SECURE_NO_WARNINGS. See online help for details.
                 c:\program files (x86)\microsoft visual studio 10.0\vc\include\stdio.h(234) : see declaration of 'fopen'
     1>e:\new folder\document\2nd semester\sd lab  ( cse 1200 )\project\group 2 project\final project with loop\igraphic1.2vs10\igraphic1.2vs10\imain.cpp(571): warning C4996: 'fscanf': This function or variable may be unsafe. Consider using fscanf_s instead. To disable deprecation, use _CRT_SECURE_NO_WARNINGS. See online help for details.
                 c:\program files (x86)\microsoft visual studio 10.0\vc\include\stdio.h(253) : see declaration of 'fscanf'
     1>e:\new folder\document\2nd semester\sd lab  ( cse 1200 )\project\group 2 project\final project with loop\igraphic1.2vs10\igraphic1.2vs10\imain.cpp(572): warning C4996: 'strcpy': This function or variable may be unsafe. Consider using strcpy_s instead. To disable deprecation, use _CRT_SECURE_NO_WARNINGS. See online help for details.
                 c:\program files (x86)\microsoft visual studio 10.0\vc\include\string.h(105) : see declaration of 'strcpy'
     1>e:\new folder\document\2nd semester\sd lab  ( cse 1200 )\project\group 2 project\final project with loop\igraphic1.2vs10\igraphic1.2vs10\imain.cpp(626): warning C4996: 'fopen': This function or variable may be unsafe. Consider using fopen_s instead. To disable deprecation, use _CRT_SECURE_NO_WARNINGS. See online help for details.
                 c:\program files (x86)\microsoft visual studio 10.0\vc\include\stdio.h(234) : see declaration of 'fopen'
     1>e:\new folder\document\2nd semester\sd lab  ( cse 1200 )\project\group 2 project\final project with loop\igraphic1.2vs10\igraphic1.2vs10\imain.cpp(635): warning C4996: 'fopen': This function or variable may be unsafe. Consider using fopen_s instead. To disable deprecation, use _CRT_SECURE_NO_WARNINGS. See online help for details.
                 c:\program files (x86)\microsoft visual studio 10.0\vc\include\stdio.h(234) : see declaration of 'fopen'
     1>e:\new folder\document\2nd semester\sd lab  ( cse 1200 )\project\group 2 project\final project with loop\igraphic1.2vs10\igraphic1.2vs10\imain.cpp(665): warning C4996: 'sprintf': This function or variable may be unsafe. Consider using sprintf_s instead. To disable deprecation, use _CRT_SECURE_NO_WARNINGS. See online help for details.
                 c:\program files (x86)\microsoft visual studio 10.0\vc\include\stdio.h(371) : see declaration of 'sprintf'
     1>e:\new folder\document\2nd semester\sd lab  ( cse 1200 )\project\group 2 project\final project with loop\igraphic1.2vs10\igraphic1.2vs10\imain.cpp(670): warning C4996: 'sprintf': This function or variable may be unsafe. Consider using sprintf_s instead. To disable deprecation, use _CRT_SECURE_NO_WARNINGS. See online help for details.
                 c:\program files (x86)\microsoft visual studio 10.0\vc\include\stdio.h(371) : see declaration of 'sprintf'
     1>e:\new folder\document\2nd semester\sd lab  ( cse 1200 )\project\group 2 project\final project with loop\igraphic1.2vs10\igraphic1.2vs10\imain.cpp(750): warning C4996: 'strcpy': This function or variable may be unsafe. Consider using strcpy_s instead. To disable deprecation, use _CRT_SECURE_NO_WARNINGS. See online help for details.
                 c:\program files (x86)\microsoft visual studio 10.0\vc\include\string.h(105) : see declaration of 'strcpy'
       Link:
         C:\Program Files (x86)\Microsoft Visual Studio 10.0\VC\bin\link.exe /ERRORREPORT:PROMPT /OUT:"E:\New folder\Document\2nd Semester\SD Lab  ( CSE 1200 )\Project\Group 2 Project\Final project with loop\iGraphic1.2VS10\iGraphic1.2VS10\Debug\iGraphic1.2VS10.exe" /INCREMENTAL:NO /NOLOGO kernel32.lib user32.lib gdi32.lib winspool.lib comdlg32.lib advapi32.lib shell32.lib ole32.lib oleaut32.lib uuid.lib odbc32.lib odbccp32.lib /MANIFEST /ManifestFile:"Debug\iGraphic1.2VS10.exe.intermediate.manifest" /MANIFESTUAC:"level='asInvoker' uiAccess='false'" /DEBUG /PDB:"E:\New folder\Document\2nd Semester\SD Lab  ( CSE 1200 )\Project\Group 2 Project\Final project with loop\iGraphic1.2VS10\iGraphic1.2VS10\Debug\iGraphic1.2VS10.pdb" /SUBSYSTEM:CONSOLE /TLBID:1 /DYNAMICBASE /NXCOMPAT /IMPLIB:"E:\New folder\Document\2nd Semester\SD Lab  ( CSE 1200 )\Project\Group 2 Project\Final project with loop\iGraphic1.2VS10\iGraphic1.2VS10\Debug\iGraphic1.2VS10.lib" /MACHINE:X86 Debug\iMain.obj
     1>iMain.obj : warning LNK4075: ignoring '/EDITANDCONTINUE' due to '/INCREMENTAL:NO' specification
         iGraphic1.2VS10.vcxproj -> E:\New folder\Document\2nd Semester\SD Lab  ( CSE 1200 )\Project\Group 2 Project\Final project with loop\iGraphic1.2VS10\iGraphic1.2VS10\Debug\iGraphic1.2VS10.exe
       Manifest:
         C:\Program Files (x86)\Microsoft SDKs\Windows\v7.0A\bin\mt.exe /nologo /verbose /outputresource:"E:\New folder\Document\2nd Semester\SD Lab  ( CSE 1200 )\Project\Group 2 Project\Final project with loop\iGraphic1.2VS10\iGraphic1.2VS10\Debug\iGraphic1.2VS10.exe;#1" /manifest Debug\iGraphic1.2VS10.exe.intermediate.manifest
       FinalizeBuildStatus:
         Deleting file "Debug\iGraphic1.2VS10.unsuccessfulbuild".
         Touching "Debug\iGraphic1.2VS10.lastbuildstate".
     1>Done Building Project "E:\New folder\Document\2nd Semester\SD Lab  ( CSE 1200 )\Project\Group 2 Project\Final project with loop\iGraphic1.2VS10\iGraphic1.2VS10\iGraphic1.2VS10\iGraphic1.2VS10.vcxproj" (build target(s)).

Build succeeded.

Time Elapsed 00:00:01.07
